09-15-2022 08:37:50 : INFO : logger : Successfully initialized processor Object
09-15-2022 08:37:50 : INFO : logger : Successfully initialized data cleaner Object
09-15-2022 08:38:11 : INFO : logger : successsfuly read data/news.csv from dvc
09-15-2022 08:38:23 : INFO : logger : Preparing texts
09-15-2022 08:39:40 : INFO : logger : Successfully initialized processor Object
09-15-2022 08:39:40 : INFO : logger : Successfully initialized data cleaner Object
09-15-2022 08:39:47 : INFO : logger : successsfuly read data/news.csv from dvc
09-15-2022 08:39:47 : INFO : logger : Preparing texts
09-15-2022 08:40:49 : INFO : logger : Successfully initialized processor Object
09-15-2022 08:40:49 : INFO : logger : Successfully initialized data cleaner Object
09-15-2022 08:40:56 : INFO : logger : successsfuly read data/news.csv from dvc
09-15-2022 08:40:56 : INFO : logger : Preparing texts
09-15-2022 08:47:16 : INFO : logger : Successfully initialized processor Object
09-15-2022 08:47:16 : INFO : logger : Successfully initialized data cleaner Object
09-15-2022 08:47:36 : INFO : logger : successsfuly read data/news.csv from dvc
09-15-2022 08:47:37 : INFO : logger : Preparing texts
09-15-2022 08:53:48 : INFO : logger : successsfuly read data/news.csv from dvc
09-15-2022 09:00:46 : INFO : logger : Successfully initialized processor Object
09-15-2022 09:00:46 : INFO : logger : Successfully initialized data cleaner Object
09-15-2022 09:00:52 : INFO : logger : successsfuly read data/news.csv from dvc
09-15-2022 09:00:52 : INFO : logger : Preparing texts
09-15-2022 09:00:54 : INFO : logger : Preparing texts
09-15-2022 09:00:54 : INFO : logger : Preparing texts
09-15-2022 09:00:54 : INFO : logger : Preparing texts
09-15-2022 09:09:39 : INFO : logger : Successfully initialized processor Object
09-15-2022 09:09:39 : INFO : logger : Successfully initialized data cleaner Object
09-15-2022 09:09:46 : INFO : logger : successsfuly read data/news.csv from dvc
09-15-2022 09:09:46 : INFO : logger : Preparing texts
09-15-2022 09:09:48 : INFO : logger : Preparing texts
09-15-2022 09:09:48 : INFO : logger : Preparing texts
09-15-2022 09:09:48 : INFO : logger : Preparing texts
09-15-2022 11:10:22 : INFO : logger : Successfully initialized processor Object
09-15-2022 11:10:22 : INFO : logger : Successfully initialized data cleaner Object
09-15-2022 11:11:16 : INFO : logger : successsfuly read data/news.csv from dvc
09-15-2022 11:11:27 : INFO : logger : Preparing texts
09-15-2022 11:26:29 : INFO : logger : Preparing texts
09-15-2022 11:34:37 : INFO : logger : Successfully initialized util Object
09-15-2022 11:34:37 : INFO : logger : Successfully initialized data cleaner Object
09-15-2022 11:34:37 : INFO : logger : Successfully initialized processor Object
09-15-2022 11:34:37 : INFO : logger : Successfully initialized processor Object
09-15-2022 11:34:37 : INFO : logger : Successfully initialized data cleaner Object
09-15-2022 11:34:37 : INFO : logger : Successfully initialized data cleaner Object
09-15-2022 11:35:08 : INFO : logger : Successfully initialized processor Object
09-15-2022 11:35:08 : INFO : logger : Successfully initialized data cleaner Object
09-15-2022 11:35:54 : INFO : logger : successsfuly read data/news.csv from dvc
09-15-2022 11:35:54 : INFO : logger : Preparing texts
09-15-2022 11:35:57 : INFO : logger : Preparing texts
09-15-2022 11:35:57 : INFO : logger : Preparing texts
09-15-2022 11:35:57 : INFO : logger : Preparing texts
09-15-2022 11:46:46 : INFO : logger : Preparing texts
09-15-2022 11:46:46 : INFO : logger : Preparing texts
09-15-2022 11:46:46 : INFO : logger : Preparing texts
09-15-2022 11:46:46 : INFO : logger : Preparing texts
09-15-2022 12:24:44 : INFO : logger : Preparing texts
09-15-2022 12:24:45 : INFO : logger : Preparing texts
09-15-2022 12:24:45 : INFO : logger : Preparing texts
09-15-2022 12:24:45 : INFO : logger : Preparing texts
09-15-2022 13:19:06 : INFO : logger : Preparing texts
09-15-2022 13:19:07 : INFO : logger : Preparing texts
09-15-2022 13:19:07 : INFO : logger : Preparing texts
09-15-2022 13:19:07 : INFO : logger : Preparing texts
09-15-2022 13:19:07 : INFO : logger : Preparing texts
09-15-2022 13:29:01 : INFO : logger : Successfully initialized processor Object
09-15-2022 13:29:01 : INFO : logger : Successfully initialized data cleaner Object
09-15-2022 13:29:43 : INFO : logger : successsfuly read data/news.csv from dvc
09-15-2022 13:31:34 : INFO : logger : Preparing texts
09-15-2022 13:31:37 : INFO : logger : Preparing texts
09-15-2022 13:31:37 : INFO : logger : Preparing texts
09-15-2022 13:31:37 : INFO : logger : Preparing texts
09-15-2022 13:31:37 : INFO : logger : Preparing texts
09-15-2022 13:35:11 : INFO : logger : Successfully initialized processor Object
09-15-2022 13:35:11 : INFO : logger : Successfully initialized data cleaner Object
09-15-2022 13:35:38 : INFO : logger : successsfuly read data/news.csv from dvc
09-15-2022 13:35:38 : INFO : logger : Preparing texts
09-15-2022 13:35:40 : INFO : logger : Preparing texts
09-15-2022 13:35:40 : INFO : logger : Preparing texts
09-15-2022 13:35:40 : INFO : logger : Preparing texts
09-15-2022 13:35:40 : INFO : logger : Preparing texts
09-15-2022 13:52:21 : INFO : logger : Preparing texts
09-15-2022 13:52:22 : INFO : logger : Preparing texts
09-15-2022 13:52:22 : INFO : logger : Preparing texts
09-15-2022 13:52:22 : INFO : logger : Preparing texts
09-15-2022 13:52:22 : INFO : logger : Preparing texts
09-15-2022 13:52:32 : INFO : logger : Preparing texts
09-15-2022 13:52:33 : INFO : logger : Preparing texts
09-15-2022 13:52:33 : INFO : logger : Preparing texts
09-15-2022 13:52:33 : INFO : logger : Preparing texts
09-15-2022 13:52:33 : INFO : logger : Preparing texts
09-15-2022 14:14:32 : INFO : logger : Successfully initialized processor Object
09-15-2022 14:14:32 : INFO : logger : Successfully initialized data cleaner Object
09-15-2022 14:15:22 : INFO : logger : successsfuly read data/news.csv from dvc
09-15-2022 14:15:22 : INFO : logger : Preparing texts
09-15-2022 14:15:24 : INFO : logger : Preparing texts
09-15-2022 14:15:24 : INFO : logger : Preparing texts
09-15-2022 14:15:24 : INFO : logger : Preparing texts
09-15-2022 14:15:24 : INFO : logger : Preparing texts
09-15-2022 14:52:35 : INFO : logger : Successfully initialized processor Object
09-15-2022 14:52:35 : INFO : logger : Successfully initialized data cleaner Object
09-15-2022 14:53:05 : INFO : logger : successsfuly read data/news.csv from dvc
09-15-2022 14:53:05 : INFO : logger : Preparing texts
09-15-2022 14:53:07 : INFO : logger : Preparing texts
09-15-2022 14:53:07 : INFO : logger : Preparing texts
09-15-2022 14:53:07 : INFO : logger : Preparing texts
09-15-2022 14:53:07 : INFO : logger : Preparing texts
09-15-2022 15:14:04 : INFO : logger : Successfully initialized processor Object
09-15-2022 15:14:04 : INFO : logger : Successfully initialized data cleaner Object
09-15-2022 15:14:30 : INFO : logger : successsfuly read data/news.csv from dvc
09-15-2022 15:14:30 : INFO : logger : Preparing texts
09-15-2022 15:14:32 : INFO : logger : Preparing texts
09-15-2022 15:14:32 : INFO : logger : Preparing texts
09-15-2022 15:14:32 : INFO : logger : Preparing texts
09-15-2022 15:14:32 : INFO : logger : Preparing texts
09-15-2022 15:53:02 : INFO : logger : Successfully initialized processor Object
09-15-2022 15:53:02 : INFO : logger : Successfully initialized data cleaner Object
09-15-2022 15:53:29 : INFO : logger : successsfuly read data/news.csv from dvc
09-15-2022 15:53:30 : INFO : logger : Preparing texts
09-15-2022 15:53:32 : INFO : logger : Preparing texts
09-15-2022 15:53:32 : INFO : logger : Preparing texts
09-15-2022 15:53:32 : INFO : logger : Preparing texts
09-15-2022 15:53:32 : INFO : logger : Preparing texts
09-15-2022 22:31:21 : INFO : logger : Successfully initialized processor Object
09-15-2022 22:31:21 : INFO : logger : Successfully initialized data cleaner Object
09-15-2022 22:31:53 : INFO : logger : successsfuly read data/news.csv from dvc
09-15-2022 22:33:08 : INFO : logger : Successfully initialized processor Object
09-15-2022 22:33:08 : INFO : logger : Successfully initialized data cleaner Object
09-15-2022 22:33:14 : INFO : logger : successsfuly read data/news.csv from dvc
09-15-2022 22:36:23 : INFO : logger : Preparing texts
09-15-2022 22:37:15 : INFO : logger : Preparing texts
09-15-2022 22:37:25 : INFO : logger : Successfully initialized processor Object
09-15-2022 22:37:25 : INFO : logger : Successfully initialized data cleaner Object
09-15-2022 22:37:30 : INFO : logger : successsfuly read data/news.csv from dvc
09-15-2022 22:37:52 : INFO : logger : Preparing texts
09-15-2022 22:38:40 : INFO : logger : Successfully initialized processor Object
09-15-2022 22:38:40 : INFO : logger : Successfully initialized data cleaner Object
09-15-2022 22:38:46 : INFO : logger : successsfuly read data/news.csv from dvc
09-15-2022 22:38:46 : INFO : logger : Preparing texts
09-15-2022 22:38:47 : INFO : logger : Preparing texts
09-15-2022 22:38:47 : INFO : logger : Preparing texts
09-15-2022 22:38:47 : INFO : logger : Preparing texts
09-15-2022 22:38:47 : INFO : logger : Preparing texts
09-16-2022 16:58:48 : INFO : logger : Successfully initialized processor Object
09-16-2022 16:58:48 : INFO : logger : Successfully initialized data cleaner Object
09-16-2022 17:04:21 : INFO : logger : Successfully initialized processor Object
09-16-2022 17:04:21 : INFO : logger : Successfully initialized data cleaner Object
09-16-2022 17:18:47 : INFO : logger : Successfully initialized processor Object
09-17-2022 09:11:02 : INFO : logger : Successfully initialized util Object
09-17-2022 09:11:44 : INFO : logger : Successfully initialized data cleaner Object
09-17-2022 09:11:44 : INFO : logger : Successfully initialized processor Object
09-17-2022 09:11:44 : INFO : logger : Successfully initialized processor Object
09-17-2022 09:11:44 : INFO : logger : Successfully initialized data cleaner Object
09-17-2022 09:11:44 : INFO : logger : Successfully initialized data cleaner Object
09-17-2022 09:24:46 : INFO : logger : Successfully initialized processor Object
09-17-2022 09:24:46 : INFO : logger : Successfully initialized data cleaner Object
09-17-2022 09:33:24 : INFO : logger : Successfully initialized processor Object
09-17-2022 09:33:24 : INFO : logger : Successfully initialized data cleaner Object
09-17-2022 09:36:44 : INFO : logger : Successfully initialized processor Object
09-17-2022 09:36:44 : INFO : logger : Successfully initialized data cleaner Object
09-17-2022 09:44:30 : INFO : logger : Successfully initialized processor Object
09-17-2022 09:44:30 : INFO : logger : Successfully initialized data cleaner Object
09-17-2022 09:48:00 : INFO : logger : Successfully initialized processor Object
09-17-2022 09:48:00 : INFO : logger : Successfully initialized data cleaner Object
09-17-2022 09:50:27 : INFO : logger : Successfully initialized util Object
09-17-2022 09:50:27 : INFO : logger : Successfully initialized data cleaner Object
09-17-2022 09:50:27 : INFO : logger : Successfully initialized predictor Object
09-17-2022 09:50:27 : INFO : logger : Successfully initialized processor Object
09-17-2022 09:50:27 : INFO : logger : Successfully initialized processor Object
09-17-2022 09:50:27 : INFO : logger : Successfully initialized data cleaner Object
09-17-2022 09:50:27 : INFO : logger : Successfully initialized data cleaner Object
